

times in msec
 clock   self+sourced   self:  sourced script
 clock   elapsed:              other lines

000.021  000.021: --- NVIM STARTING ---
000.275  000.254: event init
000.439  000.165: early init
000.539  000.100: locale set
000.607  000.068: init first window
001.219  000.612: inits 1
001.249  000.030: window checked
001.256  000.007: parsing arguments
002.325  000.075  000.075: require('vim.shared')
002.542  000.095  000.095: require('vim._meta')
002.547  000.214  000.120: require('vim._editor')
002.551  000.439  000.149: require('vim._init_packages')
002.555  000.861: init lua interpreter
002.689  000.134: expanding arguments
002.767  000.078: inits 2
003.597  000.829: init highlight
003.605  000.009: waiting for UI
004.109  000.503: done waiting for UI
004.137  000.028: clear screen
004.596  000.459: init default mappings & autocommands
011.289  000.224  000.224: sourcing /usr/share/nvim/runtime/ftplugin.vim
012.589  000.123  000.123: sourcing /usr/share/nvim/runtime/indent.vim
012.944  000.037  000.037: sourcing /usr/share/nvim/archlinux.vim
012.958  000.124  000.088: sourcing /etc/xdg/nvim/sysinit.vim
019.884  006.698  006.698: require('base.settings')
020.443  000.545  000.545: require('base.autocmd')
020.989  000.020  000.020: require('vim.keymap')
025.294  004.839  004.820: require('base.keymap')
029.464  003.955  003.955: require('lazy')
029.535  000.034  000.034: require('ffi')
029.607  000.065  000.065: require('vim.loader')
029.762  000.048  000.048: require('vim.fs')
031.368  001.723  001.675: require('lazy.stats')
031.709  000.293  000.293: require('lazy.core.util')
031.935  000.220  000.220: require('lazy.core.config')
032.451  000.248  000.248: require('lazy.core.handler')
032.849  000.391  000.391: require('lazy.core.plugin')
032.923  000.982  000.343: require('lazy.core.loader')
034.330  000.172  000.172: require('plugins')
035.015  000.159  000.159: require('plugins.luaLine')
035.178  000.131  000.131: require('plugins.treeSitter')
036.166  000.233  000.233: require('lazy.core.handler.event')
036.353  000.175  000.175: require('lazy.core.handler.cmd')
036.497  000.134  000.134: require('lazy.core.handler.ft')
036.695  000.189  000.189: require('lazy.core.handler.keys')
037.853  000.737  000.737: sourcing /usr/share/nvim/runtime/filetype.lua
038.507  000.055  000.055: sourcing /home/allen/.local/share/nvim/lazy/nvim-bqf/plugin/bqf.vim
039.343  000.363  000.363: sourcing /home/allen/.local/share/nvim/lazy/undotree/plugin/undotree.vim
040.019  000.255  000.255: sourcing /home/allen/.local/share/nvim/lazy/nvim-dap/plugin/dap.lua
044.525  000.347  000.347: require('lualine_require')
045.519  003.581  003.234: require('lualine')
048.196  000.669  000.669: require('lualine.highlight')
051.455  000.108  000.108: require('lualine.utils.mode')
053.155  000.063  000.063: sourcing /home/allen/.local/share/nvim/lazy/nvim-colorizer.lua/plugin/colorizer.lua
055.433  000.104  000.104: require('colorizer.color')
055.866  000.245  000.245: require('colorizer.trie')
056.131  000.186  000.186: require('colorizer.utils')
056.135  000.266  000.080: require('colorizer.parser.names')
056.227  000.090  000.090: require('colorizer.parser.rgb')
056.297  000.067  000.067: require('colorizer.parser.hsl')
056.361  000.061  000.061: require('colorizer.parser.argb_hex')
056.430  000.067  000.067: require('colorizer.parser.rgba_hex')
056.523  000.091  000.091: require('colorizer.sass')
056.530  001.092  000.205: require('colorizer.matcher')
056.660  000.129  000.129: require('colorizer.tailwind')
056.684  001.508  000.184: require('colorizer.buffer')
056.703  003.471  001.962: require('colorizer')
057.367  000.056  000.056: sourcing /home/allen/.local/share/nvim/lazy/nvim-web-devicons/plugin/nvim-web-devicons.vim
058.738  001.021  001.021: require('sniprun')
059.130  000.072  000.072: require('sniprun.display')
059.141  001.450  000.357: sourcing /home/allen/.local/share/nvim/lazy/sniprun/plugin/sniprun.vim
059.721  000.044  000.044: require('Comment.config')
059.851  000.075  000.075: require('Comment.ft')
059.857  000.132  000.058: require('Comment.utils')
059.938  000.048  000.048: require('Comment.opfunc')
059.980  000.040  000.040: require('Comment.extra')
059.984  000.710  000.446: require('Comment.api')
060.157  000.923  000.213: sourcing /home/allen/.local/share/nvim/lazy/Comment.nvim/plugin/Comment.lua
060.258  000.049  000.049: require('Comment')
062.233  000.052  000.052: sourcing /home/allen/.local/share/nvim/lazy/nvim-ts-hint-textobject/plugin/tsht.vim
062.543  000.047  000.047: sourcing /home/allen/.local/share/nvim/lazy/stickybuf.nvim/plugin/initialize_stickybuf.lua
062.998  000.048  000.048: require('stickybuf.util')
063.006  000.443  000.396: require('stickybuf')
063.991  000.044  000.044: require('notify.util.queue')
063.996  000.109  000.065: require('notify.util')
064.100  000.103  000.103: require('notify.config.highlights')
064.105  000.272  000.061: require('notify.config')
064.236  000.051  000.051: require('notify.stages')
064.294  000.055  000.055: require('notify.service.notification')
064.470  000.053  000.053: require('notify.animate.spring')
064.474  000.110  000.057: require('notify.animate')
064.480  000.183  000.073: require('notify.windows')
064.654  000.074  000.074: require('notify.service.buffer.highlights')
064.659  000.129  000.055: require('notify.service.buffer')
064.661  000.180  000.051: require('notify.service')
064.742  000.079  000.079: require('notify.stages.util')
064.747  000.641  000.092: require('notify.instance')
064.751  001.614  000.701: require('notify')
064.848  000.055  000.055: require('notify.stages.fade_in_slide_out')
066.746  001.748  001.748: sourcing /home/allen/.local/share/nvim/lazy/emmet-vim/plugin/emmet.vim
069.578  001.412  001.412: require('vim.filetype')
070.833  000.352  000.352: require('luasnip.util.types')
071.013  000.174  000.174: require('luasnip.util.ext_opts')
071.656  000.156  000.156: require('luasnip.session')
072.965  001.873  001.717: require('luasnip.util.util')
072.970  001.954  000.081: require('luasnip.extras.filetype_functions')
073.158  003.398  000.919: require('luasnip.config')
073.370  000.041  000.041: require('luasnip.session.snippet_collection.source')
073.377  000.107  000.065: require('luasnip.session.snippet_collection')
073.764  000.342  000.342: require('luasnip.util._builtin_vars')
073.811  000.043  000.043: require('vim.inspect')
073.904  000.526  000.141: require('luasnip.util.environ')
073.959  000.052  000.052: require('luasnip.util.extend_decorator')
074.051  000.039  000.039: require('luasnip.loaders._caches')
074.157  000.060  000.060: require('luasnip.util.path')
074.162  000.109  000.048: require('luasnip.loaders.util')
074.180  000.219  000.071: require('luasnip.loaders')
074.250  000.064  000.064: require('luasnip.util.log')
074.265  001.094  000.127: require('luasnip')
074.296  006.189  000.284: sourcing /home/allen/.local/share/nvim/lazy/LuaSnip/plugin/luasnip.lua
074.375  000.033  000.033: sourcing /home/allen/.local/share/nvim/lazy/LuaSnip/plugin/luasnip.vim
074.969  000.436  000.436: require('nvim-treesitter-refactor')
075.935  000.060  000.060: require('nvim-treesitter.utils')
076.638  000.049  000.049: require('vim.treesitter.language')
076.649  000.127  000.078: require('vim.treesitter.query')
076.695  000.044  000.044: require('vim.treesitter._range')
076.703  000.250  000.079: require('vim.treesitter.languagetree')
076.710  000.314  000.063: require('vim.treesitter')
077.200  001.260  000.947: require('nvim-treesitter.parsers')
077.442  000.043  000.043: require('nvim-treesitter.compat')
077.618  000.124  000.124: require('nvim-treesitter.ts_utils')
077.625  000.179  000.056: require('nvim-treesitter.tsrange')
077.689  000.063  000.063: require('nvim-treesitter.caching')
077.714  000.375  000.089: require('nvim-treesitter.query')
077.739  000.474  000.099: require('nvim-treesitter.configs')
077.745  000.542  000.068: require('nvim-treesitter.info')
077.873  000.126  000.126: require('nvim-treesitter.shell_command_selectors')
077.925  002.155  000.166: require('nvim-treesitter.install')
077.994  000.067  000.067: require('nvim-treesitter.statusline')
078.119  000.093  000.093: require('nvim-treesitter.query_predicates')
078.122  002.841  000.525: require('nvim-treesitter')
078.423  003.185  000.345: sourcing /home/allen/.local/share/nvim/lazy/nvim-treesitter/plugin/nvim-treesitter.lua
078.995  004.022  000.837: require('nvim-treesitter.query')
079.104  004.585  000.126: sourcing /home/allen/.local/share/nvim/lazy/nvim-treesitter-refactor/plugin/nvim-treesitter-refactor.vim
081.408  000.076  000.076: sourcing /home/allen/.local/share/nvim/lazy/transparent.nvim/plugin/transparent.vim
082.410  000.176  000.176: require('transparent.config')
082.554  000.140  000.140: require('transparent.cache')
082.585  001.121  000.805: require('transparent')
083.396  000.037  000.037: sourcing /home/allen/.local/share/nvim/lazy/plenary.nvim/plugin/plenary.vim
085.745  000.065  000.065: sourcing /home/allen/.local/share/nvim/lazy/neorg/ftdetect/norg.lua
087.470  000.867  000.867: require('overseer')
087.990  000.124  000.124: require('dap.utils')
088.025  000.493  000.370: require('dap')
088.712  000.565  000.565: sourcing /home/allen/.local/share/nvim/lazy/telescope.nvim/plugin/telescope.lua
089.398  000.066  000.066: sourcing /home/allen/.local/share/nvim/lazy/trouble.nvim/plugin/trouble.vim
091.084  000.176  000.176: sourcing /home/allen/.local/share/nvim/lazy/lspsaga.nvim/plugin/lspsaga.lua
092.500  001.390  001.390: require('lspsaga')
092.972  000.179  000.179: require('lspsaga.lspkind')
092.976  000.355  000.176: require('lspsaga.highlight')
093.694  000.108  000.108: require('vim.lsp.log')
094.149  000.451  000.451: require('vim.lsp.protocol')
094.434  000.096  000.096: require('vim.lsp._snippet')
094.498  000.062  000.062: require('vim.highlight')
094.507  000.005  000.005: require('vim.F')
094.522  000.369  000.207: require('vim.lsp.util')
094.533  001.031  000.102: require('vim.lsp.handlers')
094.622  000.088  000.088: require('vim.lsp.rpc')
094.671  000.046  000.046: require('vim.lsp.sync')
094.747  000.074  000.074: require('vim.lsp.semantic_tokens')
094.825  000.075  000.075: require('vim.lsp.buf')
094.875  000.048  000.048: require('vim.lsp.diagnostic')
094.926  000.049  000.049: require('vim.lsp.codelens')
095.019  001.722  000.312: require('vim.lsp')
095.078  000.055  000.055: require('vim.version')
096.506  003.270  001.493: require('lspsaga.codeaction.lightbulb')
099.999  000.957  000.957: require('lspsaga.util')
100.008  001.996  001.038: require('lspsaga.symbol')
101.213  000.041  000.041: sourcing /home/allen/.local/share/nvim/lazy/nightfox.nvim/plugin/nightfox.vim
103.701  001.055  001.055: sourcing /home/allen/.local/share/nvim/lazy/nvim-lspconfig/plugin/lspconfig.lua
105.714  001.027  001.027: sourcing /home/allen/.local/share/nvim/lazy/vim-fugitive/plugin/fugitive.vim
105.782  000.010  000.010: sourcing /home/allen/.local/share/nvim/lazy/vim-fugitive/ftdetect/fugitive.vim
108.116  000.051  000.051: require('diffview.lazy')
108.374  000.054  000.054: require('diffview.ffi')
108.439  000.062  000.062: require('diffview.oop')
108.455  000.213  000.098: require('diffview.async')
108.531  000.043  000.043: require('diffview.mock')
108.547  000.400  000.143: require('diffview.logger')
108.715  000.154  000.154: require('diffview.control')
108.892  000.161  000.161: require('diffview.events')
108.902  001.613  000.846: require('diffview.bootstrap')
108.934  001.720  000.107: sourcing /home/allen/.local/share/nvim/lazy/diffview.nvim/plugin/diffview.lua
110.101  000.871  000.871: require('cmp.utils.api')
110.264  000.067  000.067: require('cmp.types.cmp')
110.459  000.108  000.108: require('cmp.utils.misc')
110.497  000.229  000.121: require('cmp.types.lsp')
110.553  000.054  000.054: require('cmp.types.vim')
110.555  000.450  000.100: require('cmp.types')
110.616  000.059  000.059: require('cmp.utils.highlight')
110.736  000.063  000.063: require('cmp.utils.debug')
110.749  000.131  000.068: require('cmp.utils.autocmd')
111.030  001.901  000.390: sourcing /home/allen/.local/share/nvim/lazy/nvim-cmp/plugin/cmp.lua
111.389  000.073  000.073: sourcing /usr/share/nvim/runtime/plugin/editorconfig.lua
111.621  000.173  000.173: sourcing /usr/share/nvim/runtime/plugin/gzip.vim
111.679  000.009  000.009: sourcing /usr/share/nvim/runtime/plugin/health.vim
111.794  000.093  000.093: sourcing /usr/share/nvim/runtime/plugin/man.lua
112.493  000.189  000.189: sourcing /usr/share/nvim/runtime/pack/dist/opt/matchit/plugin/matchit.vim
112.553  000.730  000.542: sourcing /usr/share/nvim/runtime/plugin/matchit.vim
112.723  000.146  000.146: sourcing /usr/share/nvim/runtime/plugin/matchparen.vim
112.779  000.018  000.018: sourcing /usr/share/nvim/runtime/plugin/netrwPlugin.vim
112.870  000.066  000.066: sourcing /usr/share/nvim/runtime/plugin/nvim.lua
113.040  000.008  000.008: sourcing /home/allen/.local/share/nvim/rplugin.vim
113.048  000.152  000.144: sourcing /usr/share/nvim/runtime/plugin/rplugin.vim
113.169  000.064  000.064: sourcing /usr/share/nvim/runtime/plugin/shada.vim
113.231  000.023  000.023: sourcing /usr/share/nvim/runtime/plugin/spellfile.vim
113.400  000.116  000.116: sourcing /usr/share/nvim/runtime/plugin/tarPlugin.vim
113.520  000.085  000.085: sourcing /usr/share/nvim/runtime/plugin/tohtml.vim
113.577  000.019  000.019: sourcing /usr/share/nvim/runtime/plugin/tutor.vim
113.782  000.146  000.146: sourcing /usr/share/nvim/runtime/plugin/zipPlugin.vim
114.713  000.142  000.142: require('cmp.utils.char')
114.723  000.304  000.161: require('cmp.utils.str')
114.995  000.084  000.084: require('cmp.utils.buffer')
115.004  000.198  000.113: require('cmp.utils.keymap')
115.011  000.286  000.088: require('cmp.utils.feedkeys')
115.319  000.119  000.119: require('cmp.config.mapping')
115.410  000.088  000.088: require('cmp.utils.cache')
115.607  000.111  000.111: require('cmp.config.compare')
115.610  000.196  000.086: require('cmp.config.default')
115.634  000.534  000.131: require('cmp.config')
115.651  000.639  000.105: require('cmp.utils.async')
115.796  000.074  000.074: require('cmp.utils.pattern')
115.802  000.149  000.074: require('cmp.context')
116.165  000.132  000.132: require('cmp.matcher')
116.175  000.275  000.143: require('cmp.entry')
116.188  000.384  000.109: require('cmp.source')
116.354  000.084  000.084: require('cmp.utils.event')
116.616  000.091  000.091: require('cmp.utils.options')
116.623  000.193  000.102: require('cmp.utils.window')
116.625  000.268  000.075: require('cmp.view.docs_view')
116.774  000.147  000.147: require('cmp.view.custom_entries_view')
117.111  000.334  000.334: require('cmp.view.wildmenu_entries_view')
117.457  000.343  000.343: require('cmp.view.native_entries_view')
117.843  000.383  000.383: require('cmp.view.ghost_text_view')
117.886  001.697  000.136: require('cmp.view')
118.625  004.403  000.945: require('cmp.core')
119.131  000.201  000.201: require('cmp.config.sources')
119.281  000.146  000.146: require('cmp.config.window')
119.444  005.346  000.597: require('cmp')
119.777  000.330  000.330: require('cmp_luasnip')
119.908  005.868  000.191: sourcing /home/allen/.local/share/nvim/lazy/cmp_luasnip/after/plugin/cmp_luasnip.lua
121.656  000.555  000.555: require('cmp_buffer.timer')
121.670  000.882  000.327: require('cmp_buffer.buffer')
121.673  001.139  000.257: require('cmp_buffer.source')
121.676  001.417  000.278: require('cmp_buffer')
121.709  001.652  000.236: sourcing /home/allen/.local/share/nvim/lazy/cmp-buffer/after/plugin/cmp_buffer.lua
121.951  000.086  000.086: require('cmp_path')
121.969  000.148  000.062: sourcing /home/allen/.local/share/nvim/lazy/cmp-path/after/plugin/cmp_path.lua
122.155  000.099  000.099: require('cmp_cmdline')
122.170  000.153  000.054: sourcing /home/allen/.local/share/nvim/lazy/cmp-cmdline/after/plugin/cmp_cmdline.lua
122.369  000.052  000.052: require('cmp_nvim_lsp.source')
122.373  000.115  000.063: require('cmp_nvim_lsp')
122.409  000.187  000.072: sourcing /home/allen/.local/share/nvim/lazy/cmp-nvim-lsp/after/plugin/cmp_nvim_lsp.lua
122.542  000.049  000.049: require('cmp_nvim_lua')
122.569  000.113  000.064: sourcing /home/allen/.local/share/nvim/lazy/cmp-nvim-lua/after/plugin/cmp_nvim_lua.lua
122.780  000.047  000.047: require('obsidian.completion')
123.011  000.055  000.055: require('plenary.bit')
123.059  000.045  000.045: require('plenary.functional')
123.097  000.238  000.138: require('plenary.path')
123.146  000.047  000.047: require('obsidian.echo')
123.199  000.051  000.051: require('obsidian.config')
124.456  001.047  001.047: require('plenary.scandir')
124.479  001.136  000.089: require('obsidian.util')
124.495  001.229  000.093: require('obsidian.yaml')
124.503  001.299  000.070: require('obsidian.note')
124.563  000.059  000.059: require('obsidian.mapping')
124.571  001.788  000.093: require('obsidian')
124.575  001.893  000.058: require('cmp_obsidian')
124.605  001.962  000.069: sourcing /home/allen/.local/share/nvim/lazy/obsidian.nvim/after/plugin/cmp_obsidian.lua
124.759  000.053  000.053: require('cmp_obsidian_new')
124.775  000.109  000.055: sourcing /home/allen/.local/share/nvim/lazy/obsidian.nvim/after/plugin/cmp_obsidian_new.lua
125.163  000.101  000.101: require('tokyonight.treesitter')
125.169  000.164  000.063: require('tokyonight.util')
125.390  000.058  000.058: require('tokyonight.colors')
125.393  000.222  000.164: require('tokyonight.theme')
125.457  000.062  000.062: require('tokyonight.config')
125.460  000.496  000.047: require('tokyonight')
128.116  000.180  000.180: require('vim.diagnostic')
128.206  000.072  000.072: require('vim.treesitter.highlighter')
129.325  001.858  001.606: sourcing /home/allen/.local/share/nvim/lazy/tokyonight.nvim/colors/tokyonight-moon.lua
132.340  007.467  005.112: require('base.themes.tokyonight')
134.422  002.006  002.006: require('lsp.lspsagaConf')
134.833  000.187  000.187: require('lspconfig.util')
134.904  000.067  000.067: require('lspconfig.async')
134.908  000.322  000.068: require('lspconfig.configs')
134.911  000.378  000.056: require('lspconfig')
134.992  000.038  000.038: require('typescript.config')
135.180  000.036  000.036: require('typescript.types.methods')
135.219  000.036  000.036: require('typescript.utils')
135.221  000.111  000.039: require('typescript.execute-command')
135.257  000.034  000.034: require('typescript.types.workspace-commands')
135.259  000.188  000.043: require('typescript.go-to-source-definition')
135.321  000.060  000.060: require('typescript.rename-file')
135.366  000.043  000.043: require('typescript.source-actions')
135.368  000.337  000.046: require('typescript.commands')
135.405  000.035  000.035: require('typescript.handlers')
135.449  000.040  000.040: require('lspconfig.server_configurations.tsserver')
135.468  000.474  000.062: require('typescript.lsp')
135.471  000.558  000.046: require('typescript')
135.567  000.048  000.048: require('lspconfig.server_configurations.html')
135.792  000.060  000.060: require('lspconfig.manager')
135.995  000.050  000.050: require('lspconfig.server_configurations.cssls')
136.257  000.079  000.079: require('lspconfig.server_configurations.rust_analyzer')
136.588  000.052  000.052: require('lspconfig.server_configurations.intelephense')
136.695  000.047  000.047: require('lspconfig.server_configurations.lua_ls')
136.834  002.409  001.136: require('lsp.lspConf')
136.965  000.042  000.042: require('mason-core.path')
137.104  000.081  000.081: require('mason-core.functional')
137.197  000.034  000.034: require('mason-core.functional.data')
137.202  000.084  000.050: require('mason-core.functional.function')
137.257  000.039  000.039: require('mason-core.functional.relation')
137.302  000.038  000.038: require('mason-core.functional.logic')
137.315  000.347  000.105: require('mason-core.platform')
137.387  000.071  000.071: require('mason.settings')
137.390  000.510  000.050: require('mason')
137.533  000.082  000.082: require('mason-core.log')
137.580  000.044  000.044: require('mason-lspconfig.settings')
137.584  000.192  000.066: require('mason-lspconfig')
137.755  000.075  000.075: require('mason-core.functional.list')
137.827  000.067  000.067: require('mason-core.functional.string')
137.856  000.259  000.116: require('mason.api.command')
137.931  000.070  000.070: require('mason-registry.sources')
138.123  000.046  000.046: require('mason-lspconfig.notify')
138.129  000.112  000.065: require('mason-lspconfig.lspconfig_hook')
138.295  000.058  000.058: require('mason-core.functional.table')
138.338  000.208  000.150: require('mason-lspconfig.mappings.server')
138.451  000.047  000.047: require('mason-core.EventEmitter')
138.501  000.048  000.048: require('mason-core.optional')
138.627  000.063  000.063: require('mason-core.async')
138.681  000.050  000.050: require('mason-core.async.uv')
138.687  000.183  000.070: require('mason-core.fs')
138.708  000.367  000.090: require('mason-registry')
138.756  000.045  000.045: require('mason-lspconfig.server_config_extensions')
138.859  000.101  000.101: require('lspconfig.server_configurations.omnisharp')
138.963  000.082  000.082: require('mason-lspconfig.ensure_installed')
139.172  000.110  000.110: require('mason-core.result')
139.521  000.178  000.178: require('mason-core.process')
139.725  000.201  000.201: require('mason-core.spawn')
139.732  000.475  000.096: require('mason-core.managers.powershell')
139.791  000.057  000.057: require('mason.version')
139.796  000.622  000.090: require('mason-core.fetch')
139.907  000.108  000.108: require('mason-core.providers')
140.332  000.231  000.231: require('mason-core.purl')
140.353  000.388  000.157: require('mason-core.package')
140.749  000.132  000.132: require('mason-core.installer.registry.expr')
140.770  000.292  000.160: require('mason-core.installer.registry.link')
141.426  000.134  000.134: require('mason-core.receipt')
141.496  000.410  000.276: require('mason-core.installer.context')
141.598  000.099  000.099: require('mason-core.async.control')
141.705  000.103  000.103: require('mason-core.installer.linker')
141.714  000.758  000.146: require('mason-core.installer')
141.755  000.908  000.150: require('mason-core.installer.managers.std')
141.758  000.986  000.078: require('mason-core.installer.registry.schemas')
141.847  000.087  000.087: require('mason-core.installer.registry.util')
141.863  001.508  000.142: require('mason-core.installer.registry')
141.867  001.957  000.061: require('mason-registry.sources.util')
141.883  002.913  000.116: require('mason-registry.sources.github')
146.849  000.090  000.090: require('mason-core.functional.number')
146.888  000.239  000.149: require('mason-lspconfig.api.command')
146.891  010.054  004.957: require('lsp.masonConf')
146.893  014.548  000.080: require('lsp')
147.286  000.099  000.099: require('nvim-autopairs._log')
147.411  000.122  000.122: require('nvim-autopairs.utils')
147.709  000.130  000.130: require('nvim-autopairs.conds')
147.718  000.219  000.088: require('nvim-autopairs.rule')
147.721  000.308  000.089: require('nvim-autopairs.rules.basic')
147.737  000.715  000.187: require('nvim-autopairs')
148.948  000.206  000.206: require('nvim-autopairs.ts-conds')
148.959  000.935  000.729: require('nvim-autopairs.rules.ts_basic')
149.800  000.075  000.075: require('nvim-autopairs.completion.handlers')
149.809  000.169  000.094: require('nvim-autopairs.completion.cmp')
149.819  002.857  001.038: require('confs.autopairsConf')
150.108  000.124  000.124: require('telescope._extensions')
150.118  000.218  000.094: require('telescope')
151.103  000.439  000.439: require('plenary.strings')
151.286  000.179  000.179: require('telescope.deprecated')
152.200  000.342  000.342: require('plenary.log')
152.287  000.758  000.416: require('telescope.log')
153.491  000.945  000.945: require('plenary.job')
153.722  000.226  000.226: require('telescope.state')
153.748  001.459  000.288: require('telescope.utils')
153.778  002.490  000.274: require('telescope.sorters')
157.004  006.618  003.509: require('telescope.config')
157.276  000.095  000.095: require('plenary.window.border')
157.360  000.079  000.079: require('plenary.window')
157.422  000.058  000.058: require('plenary.popup.utils')
157.427  000.413  000.181: require('plenary.popup')
157.537  000.108  000.108: require('telescope.pickers.scroller')
157.596  000.056  000.056: require('telescope.actions.state')
157.682  000.058  000.058: require('telescope.actions.utils')
157.834  000.076  000.076: require('telescope.actions.mt')
157.860  000.176  000.100: require('telescope.actions.set')
157.985  000.061  000.061: require('telescope.config.resolve')
157.988  000.126  000.065: require('telescope.pickers.entry_display')
158.037  000.048  000.048: require('telescope.from_entry')
158.263  008.143  000.541: require('telescope.actions')
158.403  000.041  000.041: require('telescope-live-grep-args.helpers')
158.406  000.089  000.048: require('telescope-live-grep-args.actions.quote_prompt')
158.408  000.143  000.054: require('telescope-live-grep-args.actions')
159.651  000.164  000.164: require('fzf_lib')
159.657  000.260  000.095: require('telescope._extensions.fzf')
160.101  000.146  000.146: require('telescope.make_entry')
160.364  000.040  000.040: require('plenary.tbl')
160.368  000.083  000.043: require('plenary.vararg.rotate')
160.370  000.124  000.041: require('plenary.vararg')
160.406  000.035  000.035: require('plenary.errors')
160.411  000.211  000.051: require('plenary.async.async')
160.574  000.040  000.040: require('plenary.async.structs')
160.580  000.092  000.052: require('plenary.async.control')
160.586  000.137  000.045: require('plenary.async.util')
160.588  000.176  000.039: require('plenary.async.tests')
160.590  000.437  000.051: require('plenary.async')
160.593  000.488  000.051: require('telescope.finders.async_static_finder')
160.737  000.038  000.038: require('plenary.class')
160.809  000.165  000.128: require('telescope._')
160.812  000.218  000.052: require('telescope.finders.async_oneshot_finder')
160.868  000.055  000.055: require('telescope.finders.async_job_finder')
160.873  000.974  000.067: require('telescope.finders')
161.058  000.052  000.052: require('telescope.debounce')
161.211  000.151  000.151: require('telescope.mappings')
161.276  000.062  000.062: require('telescope.pickers.highlights')
161.350  000.071  000.071: require('telescope.pickers.window')
161.403  000.051  000.051: require('telescope.pickers.layout')
161.506  000.048  000.048: require('telescope.algos.linked_list')
161.511  000.106  000.058: require('telescope.entry_manager')
161.556  000.043  000.043: require('telescope.pickers.multi')
161.569  000.694  000.159: require('telescope.pickers')
161.684  000.053  000.053: require('harpoon.utils')
161.782  000.095  000.095: require('harpoon.dev')
162.159  000.589  000.441: require('harpoon')
162.252  000.089  000.089: require('harpoon.mark')
162.257  002.452  000.106: require('telescope._extensions.marks')
162.259  002.596  000.144: require('telescope._extensions.harpoon')
162.484  000.112  000.112: require('telescope.builtin')
162.593  000.051  000.051: require('telescope.previewers.previewer')
162.702  000.107  000.107: require('telescope.previewers.term_previewer')
162.891  000.058  000.058: require('telescope.previewers.utils')
162.931  000.226  000.168: require('telescope.previewers.buffer_previewer')
162.935  000.448  000.064: require('telescope.previewers')
162.940  000.677  000.118: require('telescope._extensions.dap')
163.041  000.081  000.081: require('dap.ui')
163.315  000.077  000.077: require('telescope._extensions.file_browser.utils')
163.397  000.282  000.205: require('telescope._extensions.file_browser.actions')
163.613  000.065  000.065: require('telescope._extensions.file_browser.git')
163.685  000.069  000.069: require('telescope._extensions.file_browser.fs_stat')
163.690  000.211  000.076: require('telescope._extensions.file_browser.make_entry')
163.720  000.320  000.110: require('telescope._extensions.file_browser.finders')
163.785  000.063  000.063: require('telescope._extensions.file_browser.picker')
163.857  000.070  000.070: require('telescope._extensions.file_browser.config')
163.860  000.809  000.074: require('telescope._extensions.file_browser')
164.040  000.043  000.043: require('telescope-live-grep-args.prompt_parser')
164.095  000.052  000.052: require('telescope.themes')
164.098  000.188  000.093: require('telescope._extensions.live_grep_args')
164.323  000.049  000.049: require('advanced_git_search.utils')
164.389  000.064  000.064: require('advanced_git_search.utils.file')
164.429  000.038  000.038: require('advanced_git_search.utils.command')
164.432  000.201  000.050: require('advanced_git_search.utils.git')
164.549  000.059  000.059: require('advanced_git_search.utils.config')
164.553  000.119  000.060: require('advanced_git_search.global_picker')
164.641  000.041  000.041: require('advanced_git_search.telescope.finders.utils')
164.683  000.040  000.040: require('advanced_git_search.commands.utils')
164.728  000.043  000.043: require('advanced_git_search.commands.find')
164.732  000.177  000.053: require('advanced_git_search.telescope.finders')
164.818  000.039  000.039: require('advanced_git_search.commands.preview')
164.821  000.088  000.049: require('advanced_git_search.telescope.previewers')
164.925  000.055  000.055: require('advanced_git_search.actions')
164.931  000.109  000.054: require('advanced_git_search.telescope.mappings')
164.935  000.763  000.069: require('advanced_git_search.telescope.pickers')
164.983  000.046  000.046: require('advanced_git_search.utils.setup')
164.986  000.856  000.047: require('telescope._extensions.advanced_git_search')
165.106  015.284  001.314: require('confs.telescopeConf')
165.651  000.543  000.543: require('confs.advanceGitSearchConf')
165.812  000.046  000.046: require('gitsigns.async')
165.913  000.098  000.098: require('gitsigns.config')
165.960  000.045  000.045: require('gitsigns.debug.log')
165.964  000.260  000.070: require('gitsigns')
166.142  000.487  000.227: require('confs.gitsignsConf')
166.456  000.049  000.049: require('dapui.async.tasks')
166.536  000.077  000.077: require('dapui.async.control')
166.709  000.170  000.170: require('dapui.async.uv')
166.765  000.053  000.053: require('dapui.async.tests')
166.852  000.042  000.042: require('vim.ui')
166.859  000.091  000.049: require('dapui.async.ui')
166.913  000.053  000.053: require('dapui.async.lsp')
166.921  000.568  000.075: require('dapui.async')
167.192  000.091  000.091: require('dapui.config.highlights')
167.336  000.346  000.255: require('dapui.config')
167.344  000.421  000.075: require('dapui.util')
167.412  000.067  000.067: require('dapui.windows.layout')
167.426  001.146  000.090: require('dapui.windows')
167.487  000.058  000.058: require('dapui.controls')
167.493  001.287  000.082: require('dapui')
167.947  000.086  000.086: require('dapui.logging')
168.032  000.081  000.081: require('dapui.client.types')
168.036  000.264  000.097: require('dapui.client')
168.114  000.076  000.076: require('dap.breakpoints')
168.176  000.052  000.052: require('dapui.client.lib')
168.295  000.063  000.063: require('dapui.render.canvas')
168.298  000.112  000.048: require('dapui.elements.breakpoints')
168.377  000.065  000.065: require('dapui.components.breakpoints')
168.445  000.045  000.045: require('dapui.elements.repl')
168.498  000.050  000.050: require('dapui.elements.scopes')
168.552  000.043  000.043: require('dapui.components.scopes')
168.603  000.049  000.049: require('dapui.components.variables')
168.660  000.042  000.042: require('dapui.elements.stacks')
168.760  000.043  000.043: require('dapui.components.frames')
168.762  000.091  000.048: require('dapui.components.threads')
168.834  000.051  000.051: require('dapui.elements.watches')
168.917  000.052  000.052: require('dapui.components.watches')
168.986  000.048  000.048: require('dapui.elements.hover')
169.042  000.045  000.045: require('dapui.components.hover')
169.104  000.048  000.048: require('dapui.elements.console')
169.248  000.082  000.082: require('nvim-dap-virtual-text')
169.367  003.222  000.720: require('confs.dapConf')
169.508  000.074  000.074: require('lspkind')
169.809  000.141  000.141: require('luasnip.util.jsonc')
169.816  000.235  000.094: require('luasnip/loaders/from_vscode')
173.461  000.080  000.080: require('luasnip.nodes.key_indexer')
173.474  000.208  000.129: require('luasnip.nodes.util')
173.536  000.060  000.060: require('luasnip.util.events')
173.577  000.387  000.118: require('luasnip.nodes.node')
173.738  000.159  000.159: require('luasnip.nodes.insertNode')
173.832  000.091  000.091: require('luasnip.nodes.textNode')
173.923  000.089  000.089: require('luasnip.util.mark')
174.035  000.108  000.108: require('luasnip.util.pattern_tokenizer')
174.113  000.074  000.074: require('luasnip.util.dict')
174.193  000.077  000.077: require('luasnip.nodes.util.trig_engines')
174.274  001.219  000.234: require('luasnip.nodes.snippet')
174.279  001.298  000.079: require('luasnip.nodes.duplicate')
174.745  000.122  000.122: require('luasnip.util.parser.neovim_ast')
174.833  000.084  000.084: require('luasnip.util.str')
174.924  000.085  000.085: require('luasnip.util.directed_graph')
174.932  000.406  000.116: require('luasnip.util.parser.ast_utils')
175.045  000.111  000.111: require('luasnip.nodes.functionNode')
175.282  000.234  000.234: require('luasnip.nodes.choiceNode')
175.418  000.133  000.133: require('luasnip.nodes.dynamicNode')
175.486  000.066  000.066: require('luasnip.util.functions')
175.493  001.053  000.104: require('luasnip.util.parser.ast_parser')
175.690  000.196  000.196: require('luasnip.util.parser.neovim_parser')
175.701  001.344  000.095: require('luasnip.util.parser')
175.707  001.414  000.071: require('luasnip.nodes.snippetProxy')
175.791  000.081  000.081: require('luasnip.nodes.multiSnippet')
180.584  011.214  008.112: require('confs.cmpConf')
180.855  000.263  000.263: require('confs.null-lsConf')
180.920  000.061  000.061: require('confs.harpoonConf')
181.271  000.175  000.175: require('scrollbar.const')
181.390  000.115  000.115: require('scrollbar.utils')
181.477  000.084  000.084: require('scrollbar.handlers')
181.483  000.490  000.115: require('scrollbar')
181.565  000.080  000.080: require('catppuccin.palettes')
181.646  000.078  000.078: require('catppuccin.palettes.mocha')
181.819  000.170  000.170: require('catppuccin')
182.003  000.109  000.109: require('scrollbar.config')
182.396  000.093  000.093: require('scrollbar.handlers.cursor')
182.521  000.102  000.102: require('scrollbar.handlers.diagnostic')
182.541  001.618  000.495: require('confs.nvimScrollbar')
182.832  000.231  000.231: require('oil')
183.031  000.127  000.127: require('oil.config')
184.044  000.077  000.077: require('oil.constants')
184.059  000.224  000.147: require('oil.util')
184.062  001.519  000.938: require('confs.oilConf')
184.277  000.212  000.212: require('confs.todoConf')
184.583  000.058  000.058: require('neorg.core.callbacks')
184.797  000.125  000.125: require('neorg.core.lib')
185.016  000.430  000.306: require('neorg.core.config')
185.137  000.116  000.116: require('neorg.core.log')
186.662  001.401  001.401: require('neorg.core.utils')
186.679  001.539  000.138: require('neorg.core.modules')
186.682  002.248  000.104: require('neorg.core')
186.685  002.334  000.087: require('neorg')
186.947  000.106  000.106: require('neorg.modules.core.defaults.module')
187.407  000.448  000.448: require('neorg.modules.core.autocommands.module')
187.525  000.104  000.104: require('neorg.modules.core.clipboard.module')
187.752  000.219  000.219: require('neorg.modules.core.integrations.treesitter.module')
188.023  000.259  000.259: require('neorg.modules.core.highlights.module')
190.122  000.120  000.120: require('neorg.modules.core.mode.module')
190.369  000.084  000.084: require('neorg.modules.core.clipboard.code-blocks.module')
191.711  001.013  001.013: require('neorg.modules.core.esupports.hop.module')
193.490  000.526  000.526: require('neorg.modules.core.ui.selection_popup')
194.136  000.317  000.317: require('neorg.modules.core.ui.text_popup')
194.179  002.190  001.346: require('neorg.modules.core.ui.module')
194.559  000.259  000.259: require('neorg.modules.core.dirman.utils.module')
195.172  000.552  000.552: require('neorg.modules.core.esupports.indent.module')
196.151  000.855  000.855: require('neorg.modules.core.esupports.metagen.module')
196.522  000.286  000.286: require('neorg.modules.core.itero.module')
197.184  000.632  000.632: require('neorg.modules.core.journal.module')
198.129  000.895  000.895: require('neorg.modules.core.dirman.module')
198.235  000.083  000.083: require('neorg.modules.core.storage.module')
198.928  000.083  000.083: require('neorg.modules.core.keybinds.keybinds')
198.951  000.387  000.305: require('neorg.modules.core.keybinds.module')
199.034  000.076  000.076: require('neorg.modules.core.neorgcmd.module')
199.124  000.070  000.070: require('neorg.modules.core.neorgcmd.commands.module.list.module')
199.219  000.058  000.058: require('neorg.modules.core.neorgcmd.commands.module.load.module')
199.290  000.061  000.061: require('neorg.modules.core.neorgcmd.commands.return.module')
199.457  000.073  000.073: require('neorg.modules.core.looking-glass.module')
199.534  000.057  000.057: require('neorg.modules.core.pivot.module')
199.619  000.068  000.068: require('neorg.modules.core.promo.module')
199.744  000.076  000.076: require('neorg.modules.core.qol.toc.module')
199.834  000.075  000.075: require('neorg.modules.core.qol.todo_items.module')
199.976  000.071  000.071: require('neorg.modules.core.tangle.module')
200.081  000.090  000.090: require('neorg.modules.core.upgrade.module')
200.139  000.050  000.050: require('neorg.modules.core.fs.module')
200.220  000.063  000.063: require('neorg.modules.core.summary.module')
213.853  013.533  013.533: require('neorg.modules.core.completion.module')
213.981  000.105  000.105: require('neorg.modules.core.integrations.nvim-cmp.module')
214.474  000.059  000.059: require('neorg.modules.core.concealer.preset_basic')
214.660  000.053  000.053: require('neorg.modules.core.concealer.preset_varied')
214.811  000.052  000.052: require('neorg.modules.core.concealer.preset_diamond')
214.857  000.778  000.615: require('neorg.modules.core.concealer.module')
215.175  030.895  004.766: require('confs.neorgConf')
215.501  000.123  000.123: require('obsidian.command')
215.595  000.416  000.292: require('confs.obsidianConf')
215.597  068.702  000.110: require('confs')
215.600  202.551  036.405: sourcing /home/allen/.config/nvim/init.lua
215.609  007.991: sourcing vimrc file(s)
216.081  000.046  000.046: sourcing /usr/share/nvim/runtime/filetype.lua
216.542  000.094  000.094: sourcing /usr/share/nvim/runtime/syntax/synload.vim
216.718  000.526  000.431: sourcing /usr/share/nvim/runtime/syntax/syntax.vim
216.732  000.551: inits 3
218.058  001.325: reading ShaDa
218.231  000.107  000.107: require('luasnip.loaders.from_lua')
218.350  000.077  000.077: require('luasnip.loaders.from_snipmate')
218.441  000.076  000.076: require('luasnip.loaders.from_vscode')
218.905  000.071  000.071: require('trouble.config')
218.911  000.138  000.067: require('trouble.util')
218.960  000.047  000.047: require('trouble.providers.qf')
219.010  000.048  000.048: require('trouble.providers.telescope')
219.059  000.047  000.047: require('trouble.providers.lsp')
219.105  000.044  000.044: require('trouble.providers.diagnostic')
219.109  000.388  000.064: require('trouble.providers')
219.149  000.038  000.038: require('trouble.text')
219.191  000.040  000.040: require('trouble.folds')
219.194  000.536  000.070: require('trouble.renderer')
219.206  000.666  000.130: require('trouble.view')
219.251  000.044  000.044: require('trouble.colors')
219.324  000.857  000.148: require('trouble')
219.686  000.512: opening buffers
219.976  000.290: BufEnter autocommands
219.980  000.004: editing files in windows
220.131  000.129  000.129: require('dap.repl')
220.219  000.057  000.057: require('mason-core.terminator')
225.133  000.447  000.447: require('nvim-web-devicons')
230.360  000.112  000.112: require('mason-core.functional.type')
235.838  000.103  000.103: require('gitsigns.util')
235.848  000.220  000.117: require('gitsigns.cache')
236.047  000.066  000.066: require('gitsigns.subprocess')
236.100  000.050  000.050: require('gitsigns.message')
236.114  000.264  000.148: require('gitsigns.git')


times in msec
 clock   self+sourced   self:  sourced script
 clock   elapsed:              other lines

000.021  000.021: --- NVIM STARTING ---
000.294  000.273: event init
000.455  000.161: early init
000.558  000.103: locale set
000.639  000.080: init first window
001.246  000.607: inits 1
001.263  000.017: window checked
001.269  000.007: parsing arguments
002.338  000.162  000.162: require('vim.shared')
002.595  000.095  000.095: require('vim._meta')
002.601  000.248  000.153: require('vim._editor')
002.604  000.536  000.126: require('vim._init_packages')
002.609  000.803: init lua interpreter
003.699  001.091: expanding arguments
003.773  000.074: inits 2
004.470  000.696: init highlight
